Build started 20-03-2019 01:33:02.
     1>Project "C:\Users\ADITYA VARDHAN GARA\Desktop\election2\Election_Management_System\Election_Management_System\Election_Management_System\Election_Management_System.vcxproj" on node 2 (build target(s)).
     1>InitializeBuildStatus:
         Creating "Debug\Election_Management_System.unsuccessfulbuild" because "AlwaysCreate" was specified.
       GenerateTargetFrameworkMonikerAttribute:
       Skipping target "GenerateTargetFrameworkMonikerAttribute" because all output files are up-to-date with respect to the input files.
       ClCompile:
         All outputs are up-to-date.
         All outputs are up-to-date.
         All outputs are up-to-date.
       CoreResGen:
         No resources are out of date with respect to their source files. Skipping resource generation.
       ResourceCompile:
         All outputs are up-to-date.
       Link:
         All outputs are up-to-date.
         Election_Management_System.vcxproj -> C:\Users\ADITYA VARDHAN GARA\Desktop\election2\Election_Management_System\Election_Management_System\Debug\Election_Management_System.exe
       FinalizeBuildStatus:
         Deleting file "Debug\Election_Management_System.unsuccessfulbuild".
         Touching "Debug\Election_Management_System.lastbuildstate".
     1>Done Building Project "C:\Users\ADITYA VARDHAN GARA\Desktop\election2\Election_Management_System\Election_Management_System\Election_Management_System\Election_Management_System.vcxproj" (build target(s)).

Build succeeded.

Time Elapsed 00:00:00.15
